[01m[K/home/ros/ros2_ws/src/merge_arrays/src/merge_arrays_node.cpp:19:11:[m[K [01;31m[Kerror: [m[Kâ€˜[01m[Kstring[m[Kâ€™ does not name a type; did you mean â€˜[01m[Kstdin[m[Kâ€™?
   19 |           [01;31m[Kstring[m[K subscribe;
      |           [01;31m[K^~~~~~[m[K
      |           [32m[Kstdin[m[K
[01m[K/home/ros/ros2_ws/src/merge_arrays/src/merge_arrays_node.cpp:[m[K In member function â€˜[01m[Kvoid MergeArrays::timer_callback()[m[Kâ€™:
[01m[K/home/ros/ros2_ws/src/merge_arrays/src/merge_arrays_node.cpp:34:22:[m[K [01;31m[Kerror: [m[Kâ€˜[01m[Ksubscribe[m[Kâ€™ was not declared in this scope
   34 |       message.data = [01;31m[Ksubscribe[m[K;
      |                      [01;31m[K^~~~~~~~~[m[K
[01m[K/home/ros/ros2_ws/src/merge_arrays/src/merge_arrays_node.cpp:[m[K In member function â€˜[01m[Kvoid MergeArrays::topic_callback(const String&) const[m[Kâ€™:
[01m[K/home/ros/ros2_ws/src/merge_arrays/src/merge_arrays_node.cpp:47:9:[m[K [01;31m[Kerror: [m[Kâ€˜[01m[Ksubscribe[m[Kâ€™ was not declared in this scope
   47 |         [01;31m[Ksubscribe[m[K = temp;
      |         [01;31m[K^~~~~~~~~[m[K
gmake[2]: *** [CMakeFiles/merge_arrays_node.dir/build.make:76: CMakeFiles/merge_arrays_node.dir/src/merge_arrays_node.cpp.o] Error 1
gmake[1]: *** [CMakeFiles/Makefile2:139: CMakeFiles/merge_arrays_node.dir/all] Error 2
gmake: *** [Makefile:146: all] Error 2
