[0.082s] Invoking command in '/home/ros/ros2_ws/build/merge_arrays': CMAKE_PREFIX_PATH=${CMAKE_PREFIX_PATH}:/home/ros/ros2_ws/install/launch_testing_examples:/home/ros/ros2_ws/install/examples_rclpy_pointcloud_publisher:/home/ros/ros2_ws/install/examples_rclpy_minimal_subscriber:/home/ros/ros2_ws/install/examples_rclpy_minimal_service:/home/ros/ros2_ws/install/examples_rclpy_minimal_publisher:/home/ros/ros2_ws/install/examples_rclpy_minimal_client:/home/ros/ros2_ws/install/examples_rclpy_minimal_action_server:/home/ros/ros2_ws/install/examples_rclpy_minimal_action_client:/home/ros/ros2_ws/install/examples_rclpy_guard_conditions:/home/ros/ros2_ws/install/examples_rclpy_executors:/opt/ros/humble /usr/bin/cmake --build /home/ros/ros2_ws/build/merge_arrays -- -j4 -l4
[0.176s] [35m[1mConsolidate compiler generated dependencies of target merge_arrays_node[0m
[0.206s] [ 25%] [32mBuilding CXX object CMakeFiles/merge_arrays_node.dir/src/merge_arrays_node.cpp.o[0m
[0.210s] [ 75%] Built target listener
[3.908s] [01m[K/home/ros/ros2_ws/src/merge_arrays/src/merge_arrays_node.cpp:19:11:[m[K [01;31m[Kerror: [m[Kâ€˜[01m[Kstring[m[Kâ€™ does not name a type; did you mean â€˜[01m[Kstdin[m[Kâ€™?
[3.909s]    19 |           [01;31m[Kstring[m[K subscribe;
[3.909s]       |           [01;31m[K^~~~~~[m[K
[3.909s]       |           [32m[Kstdin[m[K
[4.014s] [01m[K/home/ros/ros2_ws/src/merge_arrays/src/merge_arrays_node.cpp:[m[K In member function â€˜[01m[Kvoid MergeArrays::timer_callback()[m[Kâ€™:
[4.014s] [01m[K/home/ros/ros2_ws/src/merge_arrays/src/merge_arrays_node.cpp:34:22:[m[K [01;31m[Kerror: [m[Kâ€˜[01m[Ksubscribe[m[Kâ€™ was not declared in this scope
[4.014s]    34 |       message.data = [01;31m[Ksubscribe[m[K;
[4.015s]       |                      [01;31m[K^~~~~~~~~[m[K
[4.025s] [01m[K/home/ros/ros2_ws/src/merge_arrays/src/merge_arrays_node.cpp:[m[K In member function â€˜[01m[Kvoid MergeArrays::topic_callback(const String&) const[m[Kâ€™:
[4.025s] [01m[K/home/ros/ros2_ws/src/merge_arrays/src/merge_arrays_node.cpp:47:9:[m[K [01;31m[Kerror: [m[Kâ€˜[01m[Ksubscribe[m[Kâ€™ was not declared in this scope
[4.025s]    47 |         [01;31m[Ksubscribe[m[K = temp;
[4.025s]       |         [01;31m[K^~~~~~~~~[m[K
[7.957s] gmake[2]: *** [CMakeFiles/merge_arrays_node.dir/build.make:76: CMakeFiles/merge_arrays_node.dir/src/merge_arrays_node.cpp.o] Error 1
[7.957s] gmake[1]: *** [CMakeFiles/Makefile2:139: CMakeFiles/merge_arrays_node.dir/all] Error 2
[7.957s] gmake: *** [Makefile:146: all] Error 2
[7.962s] Invoked command in '/home/ros/ros2_ws/build/merge_arrays' returned '2': CMAKE_PREFIX_PATH=${CMAKE_PREFIX_PATH}:/home/ros/ros2_ws/install/launch_testing_examples:/home/ros/ros2_ws/install/examples_rclpy_pointcloud_publisher:/home/ros/ros2_ws/install/examples_rclpy_minimal_subscriber:/home/ros/ros2_ws/install/examples_rclpy_minimal_service:/home/ros/ros2_ws/install/examples_rclpy_minimal_publisher:/home/ros/ros2_ws/install/examples_rclpy_minimal_client:/home/ros/ros2_ws/install/examples_rclpy_minimal_action_server:/home/ros/ros2_ws/install/examples_rclpy_minimal_action_client:/home/ros/ros2_ws/install/examples_rclpy_guard_conditions:/home/ros/ros2_ws/install/examples_rclpy_executors:/opt/ros/humble /usr/bin/cmake --build /home/ros/ros2_ws/build/merge_arrays -- -j4 -l4
