[35m[1mConsolidate compiler generated dependencies of target merge_arrays_node[0m
[ 75%] Built target listener
[ 75%] [32mBuilding CXX object CMakeFiles/merge_arrays_node.dir/src/merge_arrays_node.cpp.o[0m
[01m[K/home/ros/ros2_ws/src/merge_arrays/src/merge_arrays_node.cpp:[m[K In constructor â€˜[01m[KMergeArrays::MergeArrays()[m[Kâ€™:
[01m[K/home/ros/ros2_ws/src/merge_arrays/src/merge_arrays_node.cpp:24:7:[m[K [01;31m[Kerror: [m[Kâ€˜[01m[Kstring[m[Kâ€™ was not declared in this scope
   24 |       [01;31m[Kstring[m[K subscrip = subscription_.return_message();
      |       [01;31m[K^~~~~~[m[K
[01m[K/home/ros/ros2_ws/src/merge_arrays/src/merge_arrays_node.cpp:24:7:[m[K [01;36m[Knote: [m[Ksuggested alternatives:
In file included from [01m[K/usr/include/c++/11/iosfwd:39[m[K,
                 from [01m[K/usr/include/c++/11/bits/shared_ptr.h:52[m[K,
                 from [01m[K/usr/include/c++/11/memory:77[m[K,
                 from [01m[K/home/ros/ros2_ws/src/merge_arrays/src/merge_arrays_node.cpp:3[m[K:
[01m[K/usr/include/c++/11/bits/stringfwd.h:79:33:[m[K [01;36m[Knote: [m[K  â€˜[01m[Kstd::string[m[Kâ€™
   79 |   typedef basic_string<char>    [01;36m[Kstring[m[K;
      |                                 [01;36m[K^~~~~~[m[K
In file included from [01m[K/home/ros/ros2_ws/src/merge_arrays/src/merge_arrays_node.cpp:4[m[K:
[01m[K/usr/include/c++/11/string:67:11:[m[K [01;36m[Knote: [m[K  â€˜[01m[Kstd::pmr::string[m[Kâ€™
   67 |     using [01;36m[Kstring[m[K    = basic_string<char>;
      |           [01;36m[K^~~~~~[m[K
[01m[K/home/ros/ros2_ws/src/merge_arrays/src/merge_arrays_node.cpp:25:18:[m[K [01;31m[Kerror: [m[Kâ€˜[01m[Ksubscrip[m[Kâ€™ was not declared in this scope
   25 |       std::cout<<[01;31m[Ksubscrip[m[K;
      |                  [01;31m[K^~~~~~~~[m[K
gmake[2]: *** [CMakeFiles/merge_arrays_node.dir/build.make:76: CMakeFiles/merge_arrays_node.dir/src/merge_arrays_node.cpp.o] Error 1
gmake[1]: *** [CMakeFiles/Makefile2:139: CMakeFiles/merge_arrays_node.dir/all] Error 2
gmake: *** [Makefile:146: all] Error 2
