[35m[1mConsolidate compiler generated dependencies of target merge_arrays_node[0m
[ 50%] [32mBuilding CXX object CMakeFiles/merge_arrays_node.dir/src/merge_arrays_node.cpp.o[0m
[ 75%] Built target listener
[01m[K/home/ros/ros2_ws/src/merge_arrays/src/merge_arrays_node.cpp:[m[K In constructor â€˜[01m[KMergeArrays::MergeArrays()[m[Kâ€™:
[01m[K/home/ros/ros2_ws/src/merge_arrays/src/merge_arrays_node.cpp:21:7:[m[K [01;31m[Kerror: [m[Kâ€˜[01m[Ksubscription[m[Kâ€™ was not declared in this scope
   21 |       [01;31m[Ksubscription[m[K = this->create_subscription<std_msgs::msg::String>("Input/array1", 10, std::bind(&MergeArrays::topic_callback, this, _1));
      |       [01;31m[K^~~~~~~~~~~~[m[K
[01m[K/home/ros/ros2_ws/src/merge_arrays/src/merge_arrays_node.cpp:21:137:[m[K [01;31m[Kerror: [m[Kâ€˜[01m[K_1[m[Kâ€™ was not declared in this scope; did you mean â€˜[01m[Kstd::placeholders::_1[m[Kâ€™?
   21 | g>("Input/array1", 10, std::bind(&MergeArrays::topic_callback, this, [01;31m[K_1[m[K));
      |                                                                      [01;31m[K^~[m[K
      |                                                                      [32m[Kstd::placeholders::_1[m[K
In file included from [01m[K/home/ros/ros2_ws/src/merge_arrays/src/merge_arrays_node.cpp:2[m[K:
[01m[K/usr/include/c++/11/functional:225:34:[m[K [01;36m[Knote: [m[Kâ€˜[01m[Kstd::placeholders::_1[m[Kâ€™ declared here
  225 |     extern const _Placeholder<1> [01;36m[K_1[m[K;
      |                                  [01;36m[K^~[m[K
gmake[2]: *** [CMakeFiles/merge_arrays_node.dir/build.make:76: CMakeFiles/merge_arrays_node.dir/src/merge_arrays_node.cpp.o] Error 1
gmake[1]: *** [CMakeFiles/Makefile2:139: CMakeFiles/merge_arrays_node.dir/all] Error 2
gmake: *** [Makefile:146: all] Error 2
