[35m[1mConsolidate compiler generated dependencies of target merge_arrays_node[0m
[ 50%] Built target listener
[ 75%] [32mBuilding CXX object CMakeFiles/merge_arrays_node.dir/src/merge_arrays_node.cpp.o[0m
[01m[K/home/ros/ros2_ws/src/merge_arrays/src/merge_arrays_node.cpp:44:22:[m[K [01;31m[Kerror: [m[Kempty character constant
   44 |         char* temp = [01;31m[K''[m[K;
      |                      [01;31m[K^~[m[K
[01m[K/home/ros/ros2_ws/src/merge_arrays/src/merge_arrays_node.cpp:[m[K In member function â€˜[01m[Kvoid MergeArrays::topic_callback(const String&) const[m[Kâ€™:
[01m[K/home/ros/ros2_ws/src/merge_arrays/src/merge_arrays_node.cpp:44:22:[m[K [01;31m[Kerror: [m[Kinvalid conversion from â€˜[01m[Kchar[m[Kâ€™ to â€˜[01m[Kchar*[m[Kâ€™ [[01;31m[K]8;;https://gcc.gnu.org/onlinedocs/gcc/Warning-Options.html#index-fpermissive-fpermissive]8;;[m[K]
   44 |         char* temp = [01;31m[K''[m[K;
      |                      [01;31m[K^~[m[K
      |                      [01;31m[K|[m[K
      |                      [01;31m[Kchar[m[K
[01m[K/home/ros/ros2_ws/src/merge_arrays/src/merge_arrays_node.cpp:46:20:[m[K [01;35m[Kwarning: [m[Kunnecessary parentheses in declaration of â€˜[01m[Ktemp[m[Kâ€™ [[01;35m[K]8;;https://gcc.gnu.org/onlinedocs/gcc/Warning-Options.html#index-Wparentheses-Wparentheses]8;;[m[K]
   46 |         std::string[01;35m[K(temp)[m[K;
      |                    [01;35m[K^~~~~~[m[K
[01m[K/home/ros/ros2_ws/src/merge_arrays/src/merge_arrays_node.cpp:46:20:[m[K [01;36m[Knote: [m[Kremove parentheses
   46 |         std::string[01;36m[K(temp)[m[K;
      |                    [01;36m[K^~~~~~[m[K
      |                    [31m[K-[m[K    [31m[K-[m[K
[01m[K/home/ros/ros2_ws/src/merge_arrays/src/merge_arrays_node.cpp:46:21:[m[K [01;31m[Kerror: [m[Kconflicting declaration â€˜[01m[Kstd::string temp[m[Kâ€™
   46 |         std::string([01;31m[Ktemp[m[K);
      |                     [01;31m[K^~~~[m[K
[01m[K/home/ros/ros2_ws/src/merge_arrays/src/merge_arrays_node.cpp:44:15:[m[K [01;36m[Knote: [m[Kprevious declaration as â€˜[01m[Kchar* temp[m[Kâ€™
   44 |         char* [01;36m[Ktemp[m[K = '';
      |               [01;36m[K^~~~[m[K
[01m[K/home/ros/ros2_ws/src/merge_arrays/src/merge_arrays_node.cpp:47:19:[m[K [01;31m[Kerror: [m[Kassignment of member â€˜[01m[KMergeArrays::subscribe[m[Kâ€™ in read-only object
   47 |         [01;31m[Ksubscribe = temp[m[K;
      |         [01;31m[K~~~~~~~~~~^~~~~~[m[K
gmake[2]: *** [CMakeFiles/merge_arrays_node.dir/build.make:76: CMakeFiles/merge_arrays_node.dir/src/merge_arrays_node.cpp.o] Error 1
gmake[1]: *** [CMakeFiles/Makefile2:139: CMakeFiles/merge_arrays_node.dir/all] Error 2
gmake: *** [Makefile:146: all] Error 2
