[0.034s] Invoking command in '/home/ros/ros2_ws/build/merge_arrays': CMAKE_PREFIX_PATH=${CMAKE_PREFIX_PATH}:/home/ros/ros2_ws/install/launch_testing_examples:/home/ros/ros2_ws/install/examples_rclpy_pointcloud_publisher:/home/ros/ros2_ws/install/examples_rclpy_minimal_subscriber:/home/ros/ros2_ws/install/examples_rclpy_minimal_service:/home/ros/ros2_ws/install/examples_rclpy_minimal_publisher:/home/ros/ros2_ws/install/examples_rclpy_minimal_client:/home/ros/ros2_ws/install/examples_rclpy_minimal_action_server:/home/ros/ros2_ws/install/examples_rclpy_minimal_action_client:/home/ros/ros2_ws/install/examples_rclpy_guard_conditions:/home/ros/ros2_ws/install/examples_rclpy_executors:/opt/ros/humble /usr/bin/cmake --build /home/ros/ros2_ws/build/merge_arrays -- -j4 -l4
[0.111s] [35m[1mConsolidate compiler generated dependencies of target merge_arrays_node[0m
[0.150s] [ 50%] Built target listener
[0.155s] [ 75%] [32mBuilding CXX object CMakeFiles/merge_arrays_node.dir/src/merge_arrays_node.cpp.o[0m
[3.780s] [01m[K/home/ros/ros2_ws/src/merge_arrays/src/merge_arrays_node.cpp:[m[K In constructor â€˜[01m[KMergeArrays::MergeArrays()[m[Kâ€™:
[3.780s] [01m[K/home/ros/ros2_ws/src/merge_arrays/src/merge_arrays_node.cpp:26:44:[m[K [01;31m[Kerror: [m[Kâ€˜[01m[Kusing SharedPtr = class std::shared_ptr<rclcpp::Subscription<std_msgs::msg::String_<std::allocator<void> > > >[m[Kâ€™ {aka â€˜[01m[Kclass std::shared_ptr<rclcpp::Subscription<std_msgs::msg::String_<std::allocator<void> > > >[m[Kâ€™} has no member named â€˜[01m[Kreturn_message[m[Kâ€™
[3.780s]    26 |       std::string subscrip = subscription_.[01;31m[Kreturn_message[m[K();
[3.780s]       |                                            [01;31m[K^~~~~~~~~~~~~~[m[K
[3.799s] [01m[K/home/ros/ros2_ws/src/merge_arrays/src/merge_arrays_node.cpp:[m[K In member function â€˜[01m[Kvoid MergeArrays::topic_callback(const String&) const[m[Kâ€™:
[3.799s] [01m[K/home/ros/ros2_ws/src/merge_arrays/src/merge_arrays_node.cpp:46:36:[m[K [01;31m[Kerror: [m[Kno match for â€˜[01m[Koperator=[m[Kâ€™ (operand types are â€˜[01m[Kconst string[m[Kâ€™ {aka â€˜[01m[Kconst std::__cxx11::basic_string<char>[m[Kâ€™} and â€˜[01m[Kconst char*[m[Kâ€™)
[3.799s]    46 |         subscribe = msg.data.c_str([01;31m[K)[m[K;
[3.799s]       |                                    [01;31m[K^[m[K
[3.801s] In file included from [01m[K/usr/include/c++/11/string:55[m[K,
[3.801s]                  from [01m[K/home/ros/ros2_ws/src/merge_arrays/src/merge_arrays_node.cpp:4[m[K:
[3.802s] [01m[K/usr/include/c++/11/bits/basic_string.h:799:8:[m[K [01;36m[Knote: [m[Kcandidate: â€˜[01m[Ktemplate<class _Tp> std::__cxx11::basic_string<_CharT, _Traits, _Alloc>::_If_sv<_Tp, std::__cxx11::basic_string<_CharT, _Traits, _Alloc>&> std::__cxx11::basic_string<_CharT, _Traits, _Alloc>::operator=(const _Tp&) [with _Tp = _Tp; _CharT = char; _Traits = std::char_traits<char>; _Alloc = std::allocator<char>][m[Kâ€™
[3.802s]   799 |        [01;36m[Koperator[m[K=(const _Tp& __svt)
[3.802s]       |        [01;36m[K^~~~~~~~[m[K
[3.802s] [01m[K/usr/include/c++/11/bits/basic_string.h:799:8:[m[K [01;36m[Knote: [m[K  template argument deduction/substitution failed:
[3.803s] In file included from [01m[K/usr/include/c++/11/ratio:39[m[K,
[3.803s]                  from [01m[K/usr/include/c++/11/chrono:39[m[K,
[3.803s]                  from [01m[K/home/ros/ros2_ws/src/merge_arrays/src/merge_arrays_node.cpp:1[m[K:
[3.803s] /usr/include/c++/11/type_traits: In substitution of â€˜[01m[Ktemplate<bool _Cond, class _Tp> using enable_if_t = typename std::enable_if::type [with bool _Cond = false; _Tp = std::__cxx11::basic_string<char>&][m[Kâ€™:
[3.803s] [01m[K/usr/include/c++/11/bits/basic_string.h:125:8:[m[K   required by substitution of â€˜[01m[Ktemplate<class _CharT, class _Traits, class _Alloc> template<class _Tp, class _Res> using _If_sv = std::enable_if_t<std::__and_<std::is_convertible<const _Tp&, std::basic_string_view<_CharT, _Traits> >, std::__not_<std::is_convertible<const _Tp*, const std::__cxx11::basic_string<_CharT, _Traits, _Alloc>*> >, std::__not_<std::is_convertible<const _Tp&, const _CharT*> > >::value, _Res> [with _Tp = const char*; _Res = std::__cxx11::basic_string<char>&; _CharT = char; _Traits = std::char_traits<char>; _Alloc = std::allocator<char>][m[Kâ€™
[3.804s] [01m[K/usr/include/c++/11/bits/basic_string.h:799:8:[m[K   required by substitution of â€˜[01m[Ktemplate<class _Tp> std::__cxx11::basic_string<char>::_If_sv<_Tp, std::__cxx11::basic_string<char>&> std::__cxx11::basic_string<char>::operator=<_Tp>(const _Tp&) [with _Tp = const char*][m[Kâ€™
[3.804s] [01m[K/home/ros/ros2_ws/src/merge_arrays/src/merge_arrays_node.cpp:46:29:[m[K   required from here
[3.804s] [01m[K/usr/include/c++/11/type_traits:2585:11:[m[K [01;31m[Kerror: [m[Kno type named â€˜[01m[Ktype[m[Kâ€™ in â€˜[01m[Kstruct std::enable_if<false, std::__cxx11::basic_string<char>&>[m[Kâ€™
[3.804s]  2585 |     using [01;31m[Kenable_if_t[m[K = typename enable_if<_Cond, _Tp>::type;
[3.804s]       |           [01;31m[K^~~~~~~~~~~[m[K
[3.804s] In file included from [01m[K/usr/include/c++/11/string:55[m[K,
[3.804s]                  from [01m[K/home/ros/ros2_ws/src/merge_arrays/src/merge_arrays_node.cpp:4[m[K:
[3.804s] [01m[K/usr/include/c++/11/bits/basic_string.h:679:7:[m[K [01;36m[Knote: [m[Kcandidate: â€˜[01m[Kstd::__cxx11::basic_string<_CharT, _Traits, _Alloc>& std::__cxx11::basic_string<_CharT, _Traits, _Alloc>::operator=(const std::__cxx11::basic_string<_CharT, _Traits, _Alloc>&) [with _CharT = char; _Traits = std::char_traits<char>; _Alloc = std::allocator<char>][m[Kâ€™ (near match)
[3.804s]   679 |       [01;36m[Koperator[m[K=(const basic_string& __str)
[3.805s]       |       [01;36m[K^~~~~~~~[m[K
[3.805s] [01m[K/usr/include/c++/11/bits/basic_string.h:679:7:[m[K [01;36m[Knote: [m[K  passing â€˜[01m[Kconst string*[m[Kâ€™ {aka â€˜[01m[Kconst std::__cxx11::basic_string<char>*[m[Kâ€™} as â€˜[01m[Kthis[m[Kâ€™ argument discards qualifiers
[3.805s] [01m[K/usr/include/c++/11/bits/basic_string.h:689:7:[m[K [01;36m[Knote: [m[Kcandidate: â€˜[01m[Kstd::__cxx11::basic_string<_CharT, _Traits, _Alloc>& std::__cxx11::basic_string<_CharT, _Traits, _Alloc>::operator=(const _CharT*) [with _CharT = char; _Traits = std::char_traits<char>; _Alloc = std::allocator<char>][m[Kâ€™ (near match)
[3.805s]   689 |       [01;36m[Koperator[m[K=(const _CharT* __s)
[3.805s]       |       [01;36m[K^~~~~~~~[m[K
[3.806s] [01m[K/usr/include/c++/11/bits/basic_string.h:689:7:[m[K [01;36m[Knote: [m[K  passing â€˜[01m[Kconst string*[m[Kâ€™ {aka â€˜[01m[Kconst std::__cxx11::basic_string<char>*[m[Kâ€™} as â€˜[01m[Kthis[m[Kâ€™ argument discards qualifiers
[3.806s] [01m[K/usr/include/c++/11/bits/basic_string.h:700:7:[m[K [01;36m[Knote: [m[Kcandidate: â€˜[01m[Kstd::__cxx11::basic_string<_CharT, _Traits, _Alloc>& std::__cxx11::basic_string<_CharT, _Traits, _Alloc>::operator=(_CharT) [with _CharT = char; _Traits = std::char_traits<char>; _Alloc = std::allocator<char>][m[Kâ€™ (near match)
[3.807s]   700 |       [01;36m[Koperator[m[K=(_CharT __c)
[3.808s]       |       [01;36m[K^~~~~~~~[m[K
[3.808s] [01m[K/usr/include/c++/11/bits/basic_string.h:700:7:[m[K [01;36m[Knote: [m[K  conversion of argument 1 would be ill-formed:
[3.808s] [01m[K/home/ros/ros2_ws/src/merge_arrays/src/merge_arrays_node.cpp:46:35:[m[K [01;31m[Kerror: [m[Kinvalid conversion from â€˜[01m[Kconst char*[m[Kâ€™ to â€˜[01m[Kchar[m[Kâ€™ [[01;31m[K]8;;https://gcc.gnu.org/onlinedocs/gcc/Warning-Options.html#index-fpermissive-fpermissive]8;;[m[K]
[3.808s]    46 |         subscribe = [01;31m[Kmsg.data.c_str()[m[K;
[3.808s]       |                     [01;31m[K~~~~~~~~~~~~~~^~[m[K
[3.809s]       |                                   [01;31m[K|[m[K
[3.809s]       |                                   [01;31m[Kconst char*[m[K
[3.809s] In file included from [01m[K/usr/include/c++/11/string:55[m[K,
[3.809s]                  from [01m[K/home/ros/ros2_ws/src/merge_arrays/src/merge_arrays_node.cpp:4[m[K:
[3.809s] [01m[K/usr/include/c++/11/bits/basic_string.h:717:7:[m[K [01;36m[Knote: [m[Kcandidate: â€˜[01m[Kstd::__cxx11::basic_string<_CharT, _Traits, _Alloc>& std::__cxx11::basic_string<_CharT, _Traits, _Alloc>::operator=(std::__cxx11::basic_string<_CharT, _Traits, _Alloc>&&) [with _CharT = char; _Traits = std::char_traits<char>; _Alloc = std::allocator<char>][m[Kâ€™ (near match)
[3.809s]   717 |       [01;36m[Koperator[m[K=(basic_string&& __str)
[3.809s]       |       [01;36m[K^~~~~~~~[m[K
[3.809s] [01m[K/usr/include/c++/11/bits/basic_string.h:717:7:[m[K [01;36m[Knote: [m[K  passing â€˜[01m[Kconst string*[m[Kâ€™ {aka â€˜[01m[Kconst std::__cxx11::basic_string<char>*[m[Kâ€™} as â€˜[01m[Kthis[m[Kâ€™ argument discards qualifiers
[3.809s] [01m[K/usr/include/c++/11/bits/basic_string.h:785:7:[m[K [01;36m[Knote: [m[Kcandidate: â€˜[01m[Kstd::__cxx11::basic_string<_CharT, _Traits, _Alloc>& std::__cxx11::basic_string<_CharT, _Traits, _Alloc>::operator=(std::initializer_list<_Tp>) [with _CharT = char; _Traits = std::char_traits<char>; _Alloc = std::allocator<char>][m[Kâ€™
[3.809s]   785 |       [01;36m[Koperator[m[K=(initializer_list<_CharT> __l)
[3.810s]       |       [01;36m[K^~~~~~~~[m[K
[3.810s] [01m[K/usr/include/c++/11/bits/basic_string.h:785:42:[m[K [01;36m[Knote: [m[K  no known conversion for argument 1 from â€˜[01m[Kconst char*[m[Kâ€™ to â€˜[01m[Kstd::initializer_list<char>[m[Kâ€™
[3.810s]   785 |       operator=([01;36m[Kinitializer_list<_CharT> __l[m[K)
[3.810s]       |                 [01;36m[K~~~~~~~~~~~~~~~~~~~~~~~~~^~~[m[K
[7.564s] gmake[2]: *** [CMakeFiles/merge_arrays_node.dir/build.make:76: CMakeFiles/merge_arrays_node.dir/src/merge_arrays_node.cpp.o] Error 1
[7.564s] gmake[1]: *** [CMakeFiles/Makefile2:139: CMakeFiles/merge_arrays_node.dir/all] Error 2
[7.564s] gmake: *** [Makefile:146: all] Error 2
[7.569s] Invoked command in '/home/ros/ros2_ws/build/merge_arrays' returned '2': CMAKE_PREFIX_PATH=${CMAKE_PREFIX_PATH}:/home/ros/ros2_ws/install/launch_testing_examples:/home/ros/ros2_ws/install/examples_rclpy_pointcloud_publisher:/home/ros/ros2_ws/install/examples_rclpy_minimal_subscriber:/home/ros/ros2_ws/install/examples_rclpy_minimal_service:/home/ros/ros2_ws/install/examples_rclpy_minimal_publisher:/home/ros/ros2_ws/install/examples_rclpy_minimal_client:/home/ros/ros2_ws/install/examples_rclpy_minimal_action_server:/home/ros/ros2_ws/install/examples_rclpy_minimal_action_client:/home/ros/ros2_ws/install/examples_rclpy_guard_conditions:/home/ros/ros2_ws/install/examples_rclpy_executors:/opt/ros/humble /usr/bin/cmake --build /home/ros/ros2_ws/build/merge_arrays -- -j4 -l4
