[0.040s] Invoking command in '/home/ros/ros2_ws/build/merge_arrays': CMAKE_PREFIX_PATH=${CMAKE_PREFIX_PATH}:/home/ros/ros2_ws/install/launch_testing_examples:/home/ros/ros2_ws/install/examples_rclpy_pointcloud_publisher:/home/ros/ros2_ws/install/examples_rclpy_minimal_subscriber:/home/ros/ros2_ws/install/examples_rclpy_minimal_service:/home/ros/ros2_ws/install/examples_rclpy_minimal_publisher:/home/ros/ros2_ws/install/examples_rclpy_minimal_client:/home/ros/ros2_ws/install/examples_rclpy_minimal_action_server:/home/ros/ros2_ws/install/examples_rclpy_minimal_action_client:/home/ros/ros2_ws/install/examples_rclpy_guard_conditions:/home/ros/ros2_ws/install/examples_rclpy_executors:/opt/ros/humble /usr/bin/cmake --build /home/ros/ros2_ws/build/merge_arrays -- -j4 -l4
[0.143s] [35m[1mConsolidate compiler generated dependencies of target merge_arrays_node[0m
[0.175s] [ 50%] Built target listener
[0.184s] [ 75%] [32mBuilding CXX object CMakeFiles/merge_arrays_node.dir/src/merge_arrays_node.cpp.o[0m
[3.952s] [01m[K/home/ros/ros2_ws/src/merge_arrays/src/merge_arrays_node.cpp:[m[K In constructor â€˜[01m[KMergeArrays::MergeArrays()[m[Kâ€™:
[3.952s] [01m[K/home/ros/ros2_ws/src/merge_arrays/src/merge_arrays_node.cpp:21:5:[m[K [01;31m[Kerror: [m[Kuninitialized reference member in â€˜[01m[Kusing String = struct std_msgs::msg::String_<std::allocator<void> >&[m[Kâ€™ {aka â€˜[01m[Kstruct std_msgs::msg::String_<std::allocator<void> >&[m[Kâ€™} [[01;31m[K]8;;https://gcc.gnu.org/onlinedocs/gcc/Warning-Options.html#index-fpermissive-fpermissive]8;;[m[K]
[3.952s]    21 |     [01;31m[KMergeArrays[m[K()
[3.952s]       |     [01;31m[K^~~~~~~~~~~[m[K
[3.952s] [01m[K/home/ros/ros2_ws/src/merge_arrays/src/merge_arrays_node.cpp:19:34:[m[K [01;36m[Knote: [m[Kâ€˜[01m[Kstd_msgs::msg::String& MergeArrays::subscribe[m[Kâ€™ should be initialized
[3.953s]    19 |           std_msgs::msg::String& [01;36m[Ksubscribe[m[K;
[3.953s]       |                                  [01;36m[K^~~~~~~~~[m[K
[8.007s] gmake[2]: *** [CMakeFiles/merge_arrays_node.dir/build.make:76: CMakeFiles/merge_arrays_node.dir/src/merge_arrays_node.cpp.o] Error 1
[8.008s] gmake[1]: *** [CMakeFiles/Makefile2:139: CMakeFiles/merge_arrays_node.dir/all] Error 2
[8.008s] gmake: *** [Makefile:146: all] Error 2
[8.016s] Invoked command in '/home/ros/ros2_ws/build/merge_arrays' returned '2': CMAKE_PREFIX_PATH=${CMAKE_PREFIX_PATH}:/home/ros/ros2_ws/install/launch_testing_examples:/home/ros/ros2_ws/install/examples_rclpy_pointcloud_publisher:/home/ros/ros2_ws/install/examples_rclpy_minimal_subscriber:/home/ros/ros2_ws/install/examples_rclpy_minimal_service:/home/ros/ros2_ws/install/examples_rclpy_minimal_publisher:/home/ros/ros2_ws/install/examples_rclpy_minimal_client:/home/ros/ros2_ws/install/examples_rclpy_minimal_action_server:/home/ros/ros2_ws/install/examples_rclpy_minimal_action_client:/home/ros/ros2_ws/install/examples_rclpy_guard_conditions:/home/ros/ros2_ws/install/examples_rclpy_executors:/opt/ros/humble /usr/bin/cmake --build /home/ros/ros2_ws/build/merge_arrays -- -j4 -l4
